<?xml version="1.0" encoding="UTF-8"?>
<!-- Generated by org.testng.reporters.JUnitReportReporter -->
<testsuite hostname="LTIN202390" failures="0" tests="7" name="testCases.VerifyAllNews" time="30.864" errors="1" timestamp="2024-02-12T17:07:54 IST" skipped="0">
  <testcase classname="testCases.VerifyAllNews" name="verifySeeAllLink" time="2.910"/>
  <system-out/>
  <testcase classname="testCases.VerifyAllNews" name="verifyNewsHeaders" time="0.191"/>
  <system-out/>
  <testcase classname="testCases.VerifyAllNews" name="verifyNewsHeaders" time="0.185"/>
  <system-out/>
  <testcase classname="testCases.VerifyAllNews" name="verifyNewsHeaders" time="0.199"/>
  <system-out/>
  <testcase classname="testCases.VerifyAllNews" name="verifyNewsHeaders" time="0.169"/>
  <system-out/>
  <testcase classname="testCases.VerifyAllNews" name="verifyNewsHeaders" time="5.073"/>
  <system-out/>
  <testcase classname="testCases.VerifyAllNews" name="verifyEachNews" time="22.137">
    <error message="element click intercepted: Element &lt;a aria-label=&quot;...&quot; data-automation-id=&quot;newsItemTitle&quot; title=&quot;Meet the finalists of the 2024 Impact Awards&quot; href=&quot;https://cognizantonline.sharepoint.com/sites/Be.Cognizant/SitePages/Meet-the-finalists-of-the-2024-Impact-Awards.aspx&quot; target=&quot;_blank&quot; data-interception=&quot;propagate&quot; class=&quot;k_a_91bed31b text_title-181 af_a_91bed31b l_a_91bed31b bf_a_91bed31b&quot; id=&quot;news_text_title&quot; tabindex=&quot;-1&quot; style=&quot;-webkit-line-clamp: 2;&quot;&gt;Meet the finalists of the 2024 Impact Awards&lt;/a&gt; is not clickable at point (1123, 539). Other element would receive the click: &lt;div class=&quot;ms-Stack custom-footer-content justify-center justify-right-tablets-or-above css-154&quot;&gt;...&lt;/div&gt;
  (Session info: chrome=120.0.6099.130)
Build info: version: &#039;4.15.0&#039;, revision: &#039;1d14b5521b&#039;
System info: os.name: &#039;Windows 11&#039;, os.arch: &#039;amd64&#039;, os.version: &#039;10.0&#039;, java.version: &#039;17.0.2&#039;
Driver info: org.openqa.selenium.chrome.ChromeDriver
Command: [12784bd38705635914f659bf8db2e606, clickElement {id=5FE29A023C7CD021F3173EBA0BD39540_element_351}]
Capabilities {acceptInsecureCerts: false, browserName: chrome, browserVersion: 120.0.6099.130, chrome: {chromedriverVersion: 120.0.6099.109 (3419140ab66..., userDataDir: C:\Windows\SystemTemp\scope...}, fedcm:accounts: true, goog:chromeOptions: {debuggerAddress: localhost:57715}, networkConnectionEnabled: false, pageLoadStrategy: normal, platformName: windows, proxy: Proxy(), se:cdp: ws://localhost:57715/devtoo..., se:cdpVersion: 120.0.6099.130, setWindowRect: true, strictFileInteractability: false, timeouts: {implicit: 0, pageLoad: 300000, script: 30000}, unhandledPromptBehavior: dismiss and notify, webauthn:extension:credBlob: true, webauthn:extension:largeBlob: true, webauthn:extension:minPinLength: true, webauthn:extension:prf: true, webauthn:virtualAuthenticators: true}
Element: [[ChromeDriver: chrome on windows (12784bd38705635914f659bf8db2e606)] -&gt; xpath: //a[@id=&#039;news_text_title&#039;]]
Session ID: 12784bd38705635914f659bf8db2e606" type="org.openqa.selenium.ElementClickInterceptedException">
      <![CDATA[org.openqa.selenium.ElementClickInterceptedException: element click intercepted: Element <a aria-label="..." data-automation-id="newsItemTitle" title="Meet the finalists of the 2024 Impact Awards" href="https://cognizantonline.sharepoint.com/sites/Be.Cognizant/SitePages/Meet-the-finalists-of-the-2024-Impact-Awards.aspx" target="_blank" data-interception="propagate" class="k_a_91bed31b text_title-181 af_a_91bed31b l_a_91bed31b bf_a_91bed31b" id="news_text_title" tabindex="-1" style="-webkit-line-clamp: 2;">Meet the finalists of the 2024 Impact Awards</a> is not clickable at point (1123, 539). Other element would receive the click: <div class="ms-Stack custom-footer-content justify-center justify-right-tablets-or-above css-154">...</div>
  (Session info: chrome=120.0.6099.130)
Build info: version: '4.15.0', revision: '1d14b5521b'
System info: os.name: 'Windows 11', os.arch: 'amd64', os.version: '10.0', java.version: '17.0.2'
Driver info: org.openqa.selenium.chrome.ChromeDriver
Command: [12784bd38705635914f659bf8db2e606, clickElement {id=5FE29A023C7CD021F3173EBA0BD39540_element_351}]
Capabilities {acceptInsecureCerts: false, browserName: chrome, browserVersion: 120.0.6099.130, chrome: {chromedriverVersion: 120.0.6099.109 (3419140ab66..., userDataDir: C:\Windows\SystemTemp\scope...}, fedcm:accounts: true, goog:chromeOptions: {debuggerAddress: localhost:57715}, networkConnectionEnabled: false, pageLoadStrategy: normal, platformName: windows, proxy: Proxy(), se:cdp: ws://localhost:57715/devtoo..., se:cdpVersion: 120.0.6099.130, setWindowRect: true, strictFileInteractability: false, timeouts: {implicit: 0, pageLoad: 300000, script: 30000}, unhandledPromptBehavior: dismiss and notify, webauthn:extension:credBlob: true, webauthn:extension:largeBlob: true, webauthn:extension:minPinLength: true, webauthn:extension:prf: true, webauthn:virtualAuthenticators: true}
Element: [[ChromeDriver: chrome on windows (12784bd38705635914f659bf8db2e606)] -> xpath: //a[@id='news_text_title']]
Session ID: 12784bd38705635914f659bf8db2e606
at java.base/jdk.internal.reflect.NativeConstructorAccessorImpl.newInstance0(Native Method)
at java.base/jdk.internal.reflect.NativeConstructorAccessorImpl.newInstance(NativeConstructorAccessorImpl.java:77)
at java.base/jdk.internal.reflect.DelegatingConstructorAccessorImpl.newInstance(DelegatingConstructorAccessorImpl.java:45)
at java.base/java.lang.reflect.Constructor.newInstanceWithCaller(Constructor.java:499)
at java.base/java.lang.reflect.Constructor.newInstance(Constructor.java:480)
at org.openqa.selenium.remote.codec.w3c.W3CHttpResponseCodec.createException(W3CHttpResponseCodec.java:200)
at org.openqa.selenium.remote.codec.w3c.W3CHttpResponseCodec.decode(W3CHttpResponseCodec.java:133)
at org.openqa.selenium.remote.codec.w3c.W3CHttpResponseCodec.decode(W3CHttpResponseCodec.java:52)
at org.openqa.selenium.remote.HttpCommandExecutor.execute(HttpCommandExecutor.java:191)
at org.openqa.selenium.remote.service.DriverCommandExecutor.invokeExecute(DriverCommandExecutor.java:200)
at org.openqa.selenium.remote.service.DriverCommandExecutor.execute(DriverCommandExecutor.java:175)
at org.openqa.selenium.remote.RemoteWebDriver.execute(RemoteWebDriver.java:607)
at org.openqa.selenium.remote.RemoteWebElement.execute(RemoteWebElement.java:224)
at org.openqa.selenium.remote.RemoteWebElement.click(RemoteWebElement.java:77)
at pageObjects.News.clickNewsHeader(News.java:65)
at testCases.VerifyAllNews.verifyEachNews(VerifyAllNews.java:57)
at java.base/jdk.internal.reflect.NativeMethodAccessorImpl.invoke0(Native Method)
at java.base/jdk.internal.reflect.NativeMethodAccessorImpl.invoke(NativeMethodAccessorImpl.java:77)
at java.base/jdk.internal.reflect.DelegatingMethodAccessorImpl.invoke(DelegatingMethodAccessorImpl.java:43)
at java.base/java.lang.reflect.Method.invoke(Method.java:568)
at org.testng.internal.MethodInvocationHelper.invokeMethod(MethodInvocationHelper.java:133)
at org.testng.internal.TestInvoker.invokeMethod(TestInvoker.java:598)
at org.testng.internal.TestInvoker.invokeTestMethod(TestInvoker.java:173)
at org.testng.internal.MethodRunner.runInSequence(MethodRunner.java:46)
at org.testng.internal.TestInvoker$MethodInvocationAgent.invoke(TestInvoker.java:824)
at org.testng.internal.TestInvoker.invokeTestMethods(TestInvoker.java:146)
at org.testng.internal.TestMethodWorker.invokeTestMethods(TestMethodWorker.java:146)
at org.testng.internal.TestMethodWorker.run(TestMethodWorker.java:128)
at java.base/java.util.ArrayList.forEach(ArrayList.java:1511)
at org.testng.TestRunner.privateRun(TestRunner.java:794)
at org.testng.TestRunner.run(TestRunner.java:596)
at org.testng.SuiteRunner.runTest(SuiteRunner.java:377)
at org.testng.SuiteRunner.runSequentially(SuiteRunner.java:371)
at org.testng.SuiteRunner.privateRun(SuiteRunner.java:332)
at org.testng.SuiteRunner.run(SuiteRunner.java:276)
at org.testng.SuiteRunnerWorker.runSuite(SuiteRunnerWorker.java:53)
at org.testng.SuiteRunnerWorker.run(SuiteRunnerWorker.java:96)
at org.testng.TestNG.runSuitesSequentially(TestNG.java:1212)
at org.testng.TestNG.runSuitesLocally(TestNG.java:1134)
at org.testng.TestNG.runSuites(TestNG.java:1063)
at org.testng.TestNG.run(TestNG.java:1031)
at org.testng.remote.AbstractRemoteTestNG.run(AbstractRemoteTestNG.java:115)
at org.testng.remote.RemoteTestNG.initAndRun(RemoteTestNG.java:251)
at org.testng.remote.RemoteTestNG.main(RemoteTestNG.java:77)
]]>
    </error>
  </testcase> <!-- verifyEachNews -->
  <system-out/>
</testsuite> <!-- testCases.VerifyAllNews -->
